<?xml version="1.0" encoding="UTF-8"?>
<!-- Generated by org.testng.reporters.JUnitXMLReporter -->
<testsuite hostname="DESKTOP-39UJIFT" ignored="0" name="facebook login page automate Test" tests="1" failures="1" timestamp="25 Jun 2020 11:26:50 GMT" time="0.047" errors="0">
  <testcase name="yahooligintest" time="0.015" classname="com.testng.ParametersTest">
    <failure type="java.lang.NullPointerException">
      <![CDATA[java.lang.NullPointerException
	at com.testng.ParametersTest.yahooligintest(ParametersTest.java:29)
... Removed 25 stack frames]]>
    </failure>
  </testcase> <!-- yahooligintest -->
</testsuite> <!-- facebook login page automate Test -->
