<?xml version="1.0" encoding="UTF-8"?>
<!-- Generated by org.testng.reporters.JUnitXMLReporter -->
<testsuite hostname="DESKTOP-39UJIFT" ignored="0" name="facebook login automate Test" tests="1" failures="1" timestamp="25 Jun 2020 11:36:49 GMT" time="0.04" errors="0">
  <testcase name="FBlogintest" time="0.012" classname="com.testng.ParametersTest">
    <failure type="java.lang.NullPointerException">
      <![CDATA[java.lang.NullPointerException
	at com.testng.ParametersTest.FBlogintest(ParametersTest.java:28)
... Removed 25 stack frames]]>
    </failure>
  </testcase> <!-- FBlogintest -->
</testsuite> <!-- facebook login automate Test -->
